<?xml version="1.0" encoding="UTF-8"?>
<coverage generated="1659004395873" clover="3.2.0">
  <project timestamp="1659004395873" name="All files">
    <metrics statements="22" coveredstatements="4" conditionals="4" coveredconditionals="1" methods="3" coveredmethods="0" elements="29" coveredelements="5" complexity="0" loc="22" ncloc="22" packages="1" files="1" classes="1"/>
    <file name="handlebars.js" path="C:\Users\Agi\Documents\projects\futureproof-projects\unfiltered-client\assets\handlebars.js">
      <metrics statements="22" coveredstatements="4" conditionals="4" coveredconditionals="1" methods="3" coveredmethods="0"/>
      <line num="1" count="1" type="stmt"/>
      <line num="2" count="0" type="stmt"/>
      <line num="3" count="0" type="stmt"/>
      <line num="4" count="0" type="stmt"/>
      <line num="5" count="0" type="stmt"/>
      <line num="6" count="0" type="stmt"/>
      <line num="7" count="0" type="stmt"/>
      <line num="8" count="0" type="cond" truecount="0" falsecount="2"/>
      <line num="9" count="0" type="stmt"/>
      <line num="12" count="0" type="stmt"/>
      <line num="14" count="0" type="stmt"/>
      <line num="18" count="1" type="stmt"/>
      <line num="19" count="0" type="stmt"/>
      <line num="20" count="0" type="stmt"/>
      <line num="21" count="0" type="stmt"/>
      <line num="22" count="0" type="stmt"/>
      <line num="25" count="0" type="stmt"/>
      <line num="27" count="0" type="stmt"/>
      <line num="28" count="0" type="stmt"/>
      <line num="29" count="0" type="stmt"/>
      <line num="33" count="1" type="cond" truecount="1" falsecount="1"/>
      <line num="34" count="1" type="stmt"/>
    </file>
  </project>
</coverage>
