{"C:\\Users\\Callum\\Documents\\Bhatia\\Unfiltered-sfw\\unfiltered-client\\assets\\newEntry.js": {"path":"C:\\Users\\Callum\\Documents\\Bhatia\\Unfiltered-sfw\\unfiltered-client\\assets\\newEntry.js","statementMap":{"0":{"start":{"line":2,"column":23},"end":{"line":73,"column":1}},"1":{"start":{"line":3,"column":4},"end":{"line":3,"column":25}},"2":{"start":{"line":4,"column":4},"end":{"line":6,"column":5}},"3":{"start":{"line":5,"column":8},"end":{"line":5,"column":27}},"4":{"start":{"line":7,"column":26},"end":{"line":7,"column":47}},"5":{"start":{"line":8,"column":20},"end":{"line":8,"column":22}},"6":{"start":{"line":9,"column":17},"end":{"line":9,"column":24}},"7":{"start":{"line":12,"column":4},"end":{"line":71,"column":5}},"8":{"start":{"line":13,"column":30},"end":{"line":22,"column":9}},"9":{"start":{"line":23,"column":8},"end":{"line":23,"column":38}},"10":{"start":{"line":24,"column":8},"end":{"line":24,"column":24}},"11":{"start":{"line":25,"column":8},"end":{"line":25,"column":38}},"12":{"start":{"line":26,"column":8},"end":{"line":26,"column":39}},"13":{"start":{"line":28,"column":11},"end":{"line":71,"column":5}},"14":{"start":{"line":29,"column":23},"end":{"line":29,"column":47}},"15":{"start":{"line":30,"column":24},"end":{"line":30,"column":29}},"16":{"start":{"line":31,"column":8},"end":{"line":31,"column":45}},"17":{"start":{"line":32,"column":34},"end":{"line":38,"column":9}},"18":{"start":{"line":39,"column":8},"end":{"line":39,"column":38}},"19":{"start":{"line":40,"column":27},"end":{"line":49,"column":9}},"20":{"start":{"line":50,"column":8},"end":{"line":52,"column":9}},"21":{"start":{"line":51,"column":12},"end":{"line":51,"column":37}},"22":{"start":{"line":53,"column":8},"end":{"line":58,"column":10}},"23":{"start":{"line":54,"column":12},"end":{"line":57,"column":13}},"24":{"start":{"line":55,"column":16},"end":{"line":55,"column":63}},"25":{"start":{"line":56,"column":16},"end":{"line":56,"column":32}},"26":{"start":{"line":59,"column":8},"end":{"line":62,"column":9}},"27":{"start":{"line":60,"column":12},"end":{"line":60,"column":55}},"28":{"start":{"line":61,"column":12},"end":{"line":61,"column":50}},"29":{"start":{"line":63,"column":8},"end":{"line":63,"column":46}},"30":{"start":{"line":64,"column":8},"end":{"line":64,"column":27}},"31":{"start":{"line":65,"column":8},"end":{"line":65,"column":30}},"32":{"start":{"line":66,"column":8},"end":{"line":66,"column":39}},"33":{"start":{"line":70,"column":8},"end":{"line":70,"column":67}},"34":{"start":{"line":76,"column":0},"end":{"line":81,"column":1}},"35":{"start":{"line":77,"column":4},"end":{"line":80,"column":5}}},"fnMap":{"0":{"name":"(anonymous_0)","decl":{"start":{"line":2,"column":23},"end":{"line":2,"column":24}},"loc":{"start":{"line":2,"column":30},"end":{"line":73,"column":1}},"line":2},"1":{"name":"(anonymous_1)","decl":{"start":{"line":53,"column":30},"end":{"line":53,"column":31}},"loc":{"start":{"line":53,"column":47},"end":{"line":58,"column":9}},"line":53}},"branchMap":{"0":{"loc":{"start":{"line":4,"column":4},"end":{"line":6,"column":5}},"type":"if","locations":[{"start":{"line":4,"column":4},"end":{"line":6,"column":5}},{"start":{},"end":{}}],"line":4},"1":{"loc":{"start":{"line":12,"column":4},"end":{"line":71,"column":5}},"type":"if","locations":[{"start":{"line":12,"column":4},"end":{"line":71,"column":5}},{"start":{"line":28,"column":11},"end":{"line":71,"column":5}}],"line":12},"2":{"loc":{"start":{"line":28,"column":11},"end":{"line":71,"column":5}},"type":"if","locations":[{"start":{"line":28,"column":11},"end":{"line":71,"column":5}},{"start":{"line":69,"column":11},"end":{"line":71,"column":5}}],"line":28},"3":{"loc":{"start":{"line":50,"column":8},"end":{"line":52,"column":9}},"type":"if","locations":[{"start":{"line":50,"column":8},"end":{"line":52,"column":9}},{"start":{},"end":{}}],"line":50},"4":{"loc":{"start":{"line":54,"column":12},"end":{"line":57,"column":13}},"type":"if","locations":[{"start":{"line":54,"column":12},"end":{"line":57,"column":13}},{"start":{},"end":{}}],"line":54},"5":{"loc":{"start":{"line":59,"column":8},"end":{"line":62,"column":9}},"type":"if","locations":[{"start":{"line":59,"column":8},"end":{"line":62,"column":9}},{"start":{},"end":{}}],"line":59},"6":{"loc":{"start":{"line":76,"column":0},"end":{"line":81,"column":1}},"type":"if","locations":[{"start":{"line":76,"column":0},"end":{"line":81,"column":1}},{"start":{},"end":{}}],"line":76}},"s":{"0":1,"1":0,"2":0,"3":0,"4":0,"5":0,"6":0,"7":0,"8":0,"9":0,"10":0,"11":0,"12":0,"13":0,"14":0,"15":0,"16":0,"17":0,"18":0,"19":0,"20":0,"21":0,"22":0,"23":0,"24":0,"25":0,"26":0,"27":0,"28":0,"29":0,"30":0,"31":0,"32":0,"33":0,"34":1,"35":1},"f":{"0":0,"1":0},"b":{"0":[0,0],"1":[0,0],"2":[0,0],"3":[0,0],"4":[0,0],"5":[0,0],"6":[1,0]},"_coverageSchema":"1a1c01bbd47fc00a2c39e90264f33305004495a9","hash":"b6048e5fca90ec38b0f2c5154256d821524ab67a"}
,"C:\\Users\\Callum\\Documents\\Bhatia\\Unfiltered-sfw\\unfiltered-client\\assets\\reactions.js": {"path":"C:\\Users\\Callum\\Documents\\Bhatia\\Unfiltered-sfw\\unfiltered-client\\assets\\reactions.js","statementMap":{"0":{"start":{"line":2,"column":21},"end":{"line":27,"column":1}},"1":{"start":{"line":3,"column":16},"end":{"line":3,"column":18}},"2":{"start":{"line":4,"column":17},"end":{"line":4,"column":19}},"3":{"start":{"line":5,"column":4},"end":{"line":25,"column":5}},"4":{"start":{"line":6,"column":8},"end":{"line":6,"column":24}},"5":{"start":{"line":7,"column":8},"end":{"line":11,"column":10}},"6":{"start":{"line":8,"column":12},"end":{"line":10,"column":13}},"7":{"start":{"line":9,"column":16},"end":{"line":9,"column":62}},"8":{"start":{"line":12,"column":8},"end":{"line":12,"column":35}},"9":{"start":{"line":13,"column":11},"end":{"line":25,"column":5}},"10":{"start":{"line":15,"column":8},"end":{"line":15,"column":27}},"11":{"start":{"line":16,"column":8},"end":{"line":23,"column":10}},"12":{"start":{"line":17,"column":12},"end":{"line":22,"column":14}},"13":{"start":{"line":18,"column":30},"end":{"line":18,"column":42}},"14":{"start":{"line":19,"column":16},"end":{"line":21,"column":17}},"15":{"start":{"line":20,"column":20},"end":{"line":20,"column":87}},"16":{"start":{"line":24,"column":8},"end":{"line":24,"column":43}},"17":{"start":{"line":26,"column":4},"end":{"line":26,"column":50}},"18":{"start":{"line":29,"column":26},"end":{"line":39,"column":1}},"19":{"start":{"line":30,"column":4},"end":{"line":30,"column":23}},"20":{"start":{"line":31,"column":17},"end":{"line":31,"column":54}},"21":{"start":{"line":32,"column":21},"end":{"line":32,"column":42}},"22":{"start":{"line":33,"column":15},"end":{"line":33,"column":30}},"23":{"start":{"line":34,"column":17},"end":{"line":34,"column":34}},"24":{"start":{"line":35,"column":25},"end":{"line":35,"column":49}},"25":{"start":{"line":36,"column":21},"end":{"line":36,"column":37}},"26":{"start":{"line":37,"column":4},"end":{"line":37,"column":31}},"27":{"start":{"line":38,"column":4},"end":{"line":38,"column":46}},"28":{"start":{"line":42,"column":0},"end":{"line":47,"column":1}},"29":{"start":{"line":43,"column":4},"end":{"line":46,"column":5}}},"fnMap":{"0":{"name":"(anonymous_0)","decl":{"start":{"line":2,"column":21},"end":{"line":2,"column":22}},"loc":{"start":{"line":2,"column":52},"end":{"line":27,"column":1}},"line":2},"1":{"name":"(anonymous_1)","decl":{"start":{"line":7,"column":26},"end":{"line":7,"column":27}},"loc":{"start":{"line":7,"column":34},"end":{"line":11,"column":9}},"line":7},"2":{"name":"(anonymous_2)","decl":{"start":{"line":16,"column":30},"end":{"line":16,"column":31}},"loc":{"start":{"line":16,"column":53},"end":{"line":23,"column":9}},"line":16},"3":{"name":"(anonymous_3)","decl":{"start":{"line":17,"column":39},"end":{"line":17,"column":40}},"loc":{"start":{"line":17,"column":57},"end":{"line":22,"column":13}},"line":17},"4":{"name":"(anonymous_4)","decl":{"start":{"line":29,"column":26},"end":{"line":29,"column":27}},"loc":{"start":{"line":29,"column":33},"end":{"line":39,"column":1}},"line":29}},"branchMap":{"0":{"loc":{"start":{"line":5,"column":4},"end":{"line":25,"column":5}},"type":"if","locations":[{"start":{"line":5,"column":4},"end":{"line":25,"column":5}},{"start":{"line":13,"column":11},"end":{"line":25,"column":5}}],"line":5},"1":{"loc":{"start":{"line":8,"column":12},"end":{"line":10,"column":13}},"type":"if","locations":[{"start":{"line":8,"column":12},"end":{"line":10,"column":13}},{"start":{},"end":{}}],"line":8},"2":{"loc":{"start":{"line":13,"column":11},"end":{"line":25,"column":5}},"type":"if","locations":[{"start":{"line":13,"column":11},"end":{"line":25,"column":5}},{"start":{},"end":{}}],"line":13},"3":{"loc":{"start":{"line":19,"column":16},"end":{"line":21,"column":17}},"type":"if","locations":[{"start":{"line":19,"column":16},"end":{"line":21,"column":17}},{"start":{},"end":{}}],"line":19},"4":{"loc":{"start":{"line":42,"column":0},"end":{"line":47,"column":1}},"type":"if","locations":[{"start":{"line":42,"column":0},"end":{"line":47,"column":1}},{"start":{},"end":{}}],"line":42}},"s":{"0":1,"1":0,"2":0,"3":0,"4":0,"5":0,"6":0,"7":0,"8":0,"9":0,"10":0,"11":0,"12":0,"13":0,"14":0,"15":0,"16":0,"17":0,"18":1,"19":0,"20":0,"21":0,"22":0,"23":0,"24":0,"25":0,"26":0,"27":0,"28":1,"29":1},"f":{"0":0,"1":0,"2":0,"3":0,"4":0},"b":{"0":[0,0],"1":[0,0],"2":[0,0],"3":[0,0],"4":[1,0]},"_coverageSchema":"1a1c01bbd47fc00a2c39e90264f33305004495a9","hash":"5cfc62c79f7e1fece148f31da443caf23b86ab14"}
}
