{"C:\\Users\\Agi\\Documents\\projects\\futureproof-projects\\unfiltered-client\\assets\\handlebars.js": {"path":"C:\\Users\\Agi\\Documents\\projects\\futureproof-projects\\unfiltered-client\\assets\\handlebars.js","statementMap":{"0":{"start":{"line":1,"column":30},"end":{"line":15,"column":1}},"1":{"start":{"line":2,"column":14},"end":{"line":2,"column":16}},"2":{"start":{"line":3,"column":4},"end":{"line":3,"column":21}},"3":{"start":{"line":4,"column":4},"end":{"line":13,"column":5}},"4":{"start":{"line":5,"column":18},"end":{"line":5,"column":20}},"5":{"start":{"line":6,"column":8},"end":{"line":6,"column":24}},"6":{"start":{"line":7,"column":8},"end":{"line":11,"column":10}},"7":{"start":{"line":8,"column":12},"end":{"line":10,"column":13}},"8":{"start":{"line":9,"column":16},"end":{"line":9,"column":50}},"9":{"start":{"line":12,"column":8},"end":{"line":12,"column":21}},"10":{"start":{"line":14,"column":4},"end":{"line":14,"column":14}},"11":{"start":{"line":18,"column":21},"end":{"line":30,"column":1}},"12":{"start":{"line":19,"column":21},"end":{"line":19,"column":71}},"13":{"start":{"line":20,"column":21},"end":{"line":20,"column":49}},"14":{"start":{"line":21,"column":24},"end":{"line":21,"column":74}},"15":{"start":{"line":22,"column":21},"end":{"line":24,"column":6}},"16":{"start":{"line":25,"column":4},"end":{"line":25,"column":65}},"17":{"start":{"line":27,"column":4},"end":{"line":27,"column":26}},"18":{"start":{"line":28,"column":4},"end":{"line":28,"column":28}},"19":{"start":{"line":29,"column":4},"end":{"line":29,"column":28}},"20":{"start":{"line":33,"column":0},"end":{"line":39,"column":1}},"21":{"start":{"line":34,"column":4},"end":{"line":38,"column":5}}},"fnMap":{"0":{"name":"(anonymous_0)","decl":{"start":{"line":1,"column":30},"end":{"line":1,"column":31}},"loc":{"start":{"line":1,"column":50},"end":{"line":15,"column":1}},"line":1},"1":{"name":"(anonymous_1)","decl":{"start":{"line":7,"column":24},"end":{"line":7,"column":25}},"loc":{"start":{"line":7,"column":32},"end":{"line":11,"column":9}},"line":7},"2":{"name":"(anonymous_2)","decl":{"start":{"line":18,"column":21},"end":{"line":18,"column":22}},"loc":{"start":{"line":18,"column":41},"end":{"line":30,"column":1}},"line":18}},"branchMap":{"0":{"loc":{"start":{"line":8,"column":12},"end":{"line":10,"column":13}},"type":"if","locations":[{"start":{"line":8,"column":12},"end":{"line":10,"column":13}},{"start":{},"end":{}}],"line":8},"1":{"loc":{"start":{"line":33,"column":0},"end":{"line":39,"column":1}},"type":"if","locations":[{"start":{"line":33,"column":0},"end":{"line":39,"column":1}},{"start":{},"end":{}}],"line":33}},"s":{"0":1,"1":0,"2":0,"3":0,"4":0,"5":0,"6":0,"7":0,"8":0,"9":0,"10":0,"11":1,"12":0,"13":0,"14":0,"15":0,"16":0,"17":0,"18":0,"19":0,"20":1,"21":1},"f":{"0":0,"1":0,"2":0},"b":{"0":[0,0],"1":[1,0]},"_coverageSchema":"1a1c01bbd47fc00a2c39e90264f33305004495a9","hash":"06ba82332dacf5cfe277cff38f67241fbe5e641a"}
}
